!SESSION 2020-11-04 05:59:26.300 -----------------------------------------------
eclipse.buildId=5.6.0.200109-372130a193
java.version=11.0.9
java.vendor=Ubuntu
BootLoader constants: OS=linux, ARCH=x86_64, WS=gtk, NL=en_US
Command-line arguments:  -data /root/models -os linux -ws gtk -arch x86_64

!ENTRY org.eclipse.ui.ide 4 4 2020-11-04 05:59:29.446
!MESSAGE Could not obtain lock for workspace location

!ENTRY org.eclipse.ui.ide 4 4 2020-11-04 05:59:29.457
!MESSAGE Could not obtain lock for workspace location
!STACK 0
java.io.IOException: The folder "/root/models/.metadata" is read-only.
	at org.eclipse.osgi.internal.location.BasicLocation.lock(BasicLocation.java:193)
	at org.eclipse.osgi.internal.location.BasicLocation.lock(BasicLocation.java:166)
	at org.eclipse.ui.internal.ide.application.IDEApplication.checkInstanceLocation(IDEApplication.java:222)
	at org.eclipse.ui.internal.ide.application.IDEApplication.start(IDEApplication.java:140)
	at org.eclipse.equinox.internal.app.EclipseAppHandle.run(EclipseAppHandle.java:203)
	at org.eclipse.core.runtime.internal.adaptor.EclipseAppLauncher.runApplication(EclipseAppLauncher.java:137)
	at org.eclipse.core.runtime.internal.adaptor.EclipseAppLauncher.start(EclipseAppLauncher.java:107)
	at org.eclipse.core.runtime.adaptor.EclipseStarter.run(EclipseStarter.java:401)
	at org.eclipse.core.runtime.adaptor.EclipseStarter.run(EclipseStarter.java:255)
	at java.base/jdk.internal.reflect.NativeMethodAccessorImpl.invoke0(Native Method)
	at java.base/jdk.internal.reflect.NativeMethodAccessorImpl.invoke(NativeMethodAccessorImpl.java:62)
	at java.base/jdk.internal.reflect.DelegatingMethodAccessorImpl.invoke(DelegatingMethodAccessorImpl.java:43)
	at java.base/java.lang.reflect.Method.invoke(Method.java:566)
	at org.eclipse.equinox.launcher.Main.invokeFramework(Main.java:657)
	at org.eclipse.equinox.launcher.Main.basicRun(Main.java:594)
	at org.eclipse.equinox.launcher.Main.run(Main.java:1465)
	at org.eclipse.equinox.launcher.Main.main(Main.java:1438)
